CRITICAL - 2020-11-27 05:17:48 --> syntax error, unexpected '"></script>' (T_CONSTANT_ENCAPSED_STRING), expecting ',' or ';'
#0 C:\wamp64\www\contact-tracer\system\Common.php(1119): CodeIgniter\View\View->render('scanner', Array, true)
#1 C:\wamp64\www\contact-tracer\app\Controllers\Home.php(24): view('scanner')
#2 C:\wamp64\www\contact-tracer\system\CodeIgniter.php(918): App\Controllers\Home->ind()
#3 C:\wamp64\www\contact-tracer\system\CodeIgniter.php(404): CodeIgniter\CodeIgniter->runController(Object(App\Controllers\Home))
#4 C:\wamp64\www\contact-tracer\system\CodeIgniter.php(312): CodeIgniter\CodeIgniter->handleRequest(NULL, Object(Config\Cache), false)
#5 C:\wamp64\www\contact-tracer\public\index.php(45): CodeIgniter\CodeIgniter->run()
#6 {main}
CRITICAL - 2020-11-27 07:21:35 --> Call to undefined function echo_base_url()
#0 C:\wamp64\www\contact-tracer\system\View\View.php(246): include()
#1 C:\wamp64\www\contact-tracer\system\Common.php(1119): CodeIgniter\View\View->render('scanner', Array, true)
#2 C:\wamp64\www\contact-tracer\app\Controllers\Home.php(24): view('scanner')
#3 C:\wamp64\www\contact-tracer\system\CodeIgniter.php(918): App\Controllers\Home->ind()
#4 C:\wamp64\www\contact-tracer\system\CodeIgniter.php(404): CodeIgniter\CodeIgniter->runController(Object(App\Controllers\Home))
#5 C:\wamp64\www\contact-tracer\system\CodeIgniter.php(312): CodeIgniter\CodeIgniter->handleRequest(NULL, Object(Config\Cache), false)
#6 C:\wamp64\www\contact-tracer\public\index.php(45): CodeIgniter\CodeIgniter->run()
#7 {main}
CRITICAL - 2020-11-27 22:51:05 --> syntax error, unexpected '<<' (T_SL), expecting end of file
#0 C:\wamp64\www\contact-tracer\system\CodeIgniter.php(364): CodeIgniter\CodeIgniter->tryToRouteIt(NULL)
#1 C:\wamp64\www\contact-tracer\system\CodeIgniter.php(312): CodeIgniter\CodeIgniter->handleRequest(NULL, Object(Config\Cache), false)
#2 C:\wamp64\www\contact-tracer\public\index.php(45): CodeIgniter\CodeIgniter->run()
#3 {main}
