CRITICAL - 2020-11-26 12:18:33 --> syntax error, unexpected end of file
#0 C:\wamp64\www\contact-tracer\system\CodeIgniter.php(364): CodeIgniter\CodeIgniter->tryToRouteIt(NULL)
#1 C:\wamp64\www\contact-tracer\system\CodeIgniter.php(312): CodeIgniter\CodeIgniter->handleRequest(NULL, Object(Config\Cache), false)
#2 C:\wamp64\www\contact-tracer\public\index.php(45): CodeIgniter\CodeIgniter->run()
#3 {main}
CRITICAL - 2020-11-26 12:19:09 --> syntax error, unexpected end of file
#0 C:\wamp64\www\contact-tracer\system\CodeIgniter.php(364): CodeIgniter\CodeIgniter->tryToRouteIt(NULL)
#1 C:\wamp64\www\contact-tracer\system\CodeIgniter.php(312): CodeIgniter\CodeIgniter->handleRequest(NULL, Object(Config\Cache), false)
#2 C:\wamp64\www\contact-tracer\public\index.php(45): CodeIgniter\CodeIgniter->run()
#3 {main}
CRITICAL - 2020-11-26 12:19:10 --> syntax error, unexpected end of file
#0 C:\wamp64\www\contact-tracer\system\CodeIgniter.php(364): CodeIgniter\CodeIgniter->tryToRouteIt(NULL)
#1 C:\wamp64\www\contact-tracer\system\CodeIgniter.php(312): CodeIgniter\CodeIgniter->handleRequest(NULL, Object(Config\Cache), false)
#2 C:\wamp64\www\contact-tracer\public\index.php(45): CodeIgniter\CodeIgniter->run()
#3 {main}
CRITICAL - 2020-11-26 12:19:11 --> syntax error, unexpected end of file
#0 C:\wamp64\www\contact-tracer\system\CodeIgniter.php(364): CodeIgniter\CodeIgniter->tryToRouteIt(NULL)
#1 C:\wamp64\www\contact-tracer\system\CodeIgniter.php(312): CodeIgniter\CodeIgniter->handleRequest(NULL, Object(Config\Cache), false)
#2 C:\wamp64\www\contact-tracer\public\index.php(45): CodeIgniter\CodeIgniter->run()
#3 {main}
CRITICAL - 2020-11-26 12:19:36 --> syntax error, unexpected end of file
#0 C:\wamp64\www\contact-tracer\system\CodeIgniter.php(364): CodeIgniter\CodeIgniter->tryToRouteIt(NULL)
#1 C:\wamp64\www\contact-tracer\system\CodeIgniter.php(312): CodeIgniter\CodeIgniter->handleRequest(NULL, Object(Config\Cache), false)
#2 C:\wamp64\www\contact-tracer\public\index.php(45): CodeIgniter\CodeIgniter->run()
#3 {main}
CRITICAL - 2020-11-26 12:19:37 --> syntax error, unexpected end of file
#0 C:\wamp64\www\contact-tracer\system\CodeIgniter.php(364): CodeIgniter\CodeIgniter->tryToRouteIt(NULL)
#1 C:\wamp64\www\contact-tracer\system\CodeIgniter.php(312): CodeIgniter\CodeIgniter->handleRequest(NULL, Object(Config\Cache), false)
#2 C:\wamp64\www\contact-tracer\public\index.php(45): CodeIgniter\CodeIgniter->run()
#3 {main}
CRITICAL - 2020-11-26 12:20:26 --> syntax error, unexpected end of file
#0 C:\wamp64\www\contact-tracer\system\CodeIgniter.php(364): CodeIgniter\CodeIgniter->tryToRouteIt(NULL)
#1 C:\wamp64\www\contact-tracer\system\CodeIgniter.php(312): CodeIgniter\CodeIgniter->handleRequest(NULL, Object(Config\Cache), false)
#2 C:\wamp64\www\contact-tracer\public\index.php(45): CodeIgniter\CodeIgniter->run()
#3 {main}
CRITICAL - 2020-11-26 12:20:42 --> syntax error, unexpected end of file
#0 C:\wamp64\www\contact-tracer\system\CodeIgniter.php(364): CodeIgniter\CodeIgniter->tryToRouteIt(NULL)
#1 C:\wamp64\www\contact-tracer\system\CodeIgniter.php(312): CodeIgniter\CodeIgniter->handleRequest(NULL, Object(Config\Cache), false)
#2 C:\wamp64\www\contact-tracer\public\index.php(45): CodeIgniter\CodeIgniter->run()
#3 {main}
CRITICAL - 2020-11-26 12:22:27 --> syntax error, unexpected end of file, expecting function (T_FUNCTION) or const (T_CONST)
#0 C:\wamp64\www\contact-tracer\system\Autoloader\Autoloader.php(296): CodeIgniter\Autoloader\Autoloader->requireFile('C:\\wamp64\\www\\c...')
#1 C:\wamp64\www\contact-tracer\system\Autoloader\Autoloader.php(258): CodeIgniter\Autoloader\Autoloader->loadInNamespace('App\\Controllers...')
#2 [internal function]: CodeIgniter\Autoloader\Autoloader->loadClass('App\\Controllers...')
#3 [internal function]: spl_autoload_call('App\\Controllers...')
#4 C:\wamp64\www\contact-tracer\system\CodeIgniter.php(869): class_exists('\\App\\Controller...', true)
#5 C:\wamp64\www\contact-tracer\system\CodeIgniter.php(394): CodeIgniter\CodeIgniter->startController()
#6 C:\wamp64\www\contact-tracer\system\CodeIgniter.php(312): CodeIgniter\CodeIgniter->handleRequest(NULL, Object(Config\Cache), false)
#7 C:\wamp64\www\contact-tracer\public\index.php(45): CodeIgniter\CodeIgniter->run()
#8 {main}
CRITICAL - 2020-11-26 12:23:22 --> syntax error, unexpected end of file, expecting function (T_FUNCTION) or const (T_CONST)
#0 C:\wamp64\www\contact-tracer\system\Autoloader\Autoloader.php(296): CodeIgniter\Autoloader\Autoloader->requireFile('C:\\wamp64\\www\\c...')
#1 C:\wamp64\www\contact-tracer\system\Autoloader\Autoloader.php(258): CodeIgniter\Autoloader\Autoloader->loadInNamespace('App\\Controllers...')
#2 [internal function]: CodeIgniter\Autoloader\Autoloader->loadClass('App\\Controllers...')
#3 [internal function]: spl_autoload_call('App\\Controllers...')
#4 C:\wamp64\www\contact-tracer\system\CodeIgniter.php(869): class_exists('\\App\\Controller...', true)
#5 C:\wamp64\www\contact-tracer\system\CodeIgniter.php(394): CodeIgniter\CodeIgniter->startController()
#6 C:\wamp64\www\contact-tracer\system\CodeIgniter.php(312): CodeIgniter\CodeIgniter->handleRequest(NULL, Object(Config\Cache), false)
#7 C:\wamp64\www\contact-tracer\public\index.php(45): CodeIgniter\CodeIgniter->run()
#8 {main}
CRITICAL - 2020-11-26 12:23:23 --> syntax error, unexpected end of file, expecting function (T_FUNCTION) or const (T_CONST)
#0 C:\wamp64\www\contact-tracer\system\Autoloader\Autoloader.php(296): CodeIgniter\Autoloader\Autoloader->requireFile('C:\\wamp64\\www\\c...')
#1 C:\wamp64\www\contact-tracer\system\Autoloader\Autoloader.php(258): CodeIgniter\Autoloader\Autoloader->loadInNamespace('App\\Controllers...')
#2 [internal function]: CodeIgniter\Autoloader\Autoloader->loadClass('App\\Controllers...')
#3 [internal function]: spl_autoload_call('App\\Controllers...')
#4 C:\wamp64\www\contact-tracer\system\CodeIgniter.php(869): class_exists('\\App\\Controller...', true)
#5 C:\wamp64\www\contact-tracer\system\CodeIgniter.php(394): CodeIgniter\CodeIgniter->startController()
#6 C:\wamp64\www\contact-tracer\system\CodeIgniter.php(312): CodeIgniter\CodeIgniter->handleRequest(NULL, Object(Config\Cache), false)
#7 C:\wamp64\www\contact-tracer\public\index.php(45): CodeIgniter\CodeIgniter->run()
#8 {main}
CRITICAL - 2020-11-26 12:23:24 --> syntax error, unexpected end of file, expecting function (T_FUNCTION) or const (T_CONST)
#0 C:\wamp64\www\contact-tracer\system\Autoloader\Autoloader.php(296): CodeIgniter\Autoloader\Autoloader->requireFile('C:\\wamp64\\www\\c...')
#1 C:\wamp64\www\contact-tracer\system\Autoloader\Autoloader.php(258): CodeIgniter\Autoloader\Autoloader->loadInNamespace('App\\Controllers...')
#2 [internal function]: CodeIgniter\Autoloader\Autoloader->loadClass('App\\Controllers...')
#3 [internal function]: spl_autoload_call('App\\Controllers...')
#4 C:\wamp64\www\contact-tracer\system\CodeIgniter.php(869): class_exists('\\App\\Controller...', true)
#5 C:\wamp64\www\contact-tracer\system\CodeIgniter.php(394): CodeIgniter\CodeIgniter->startController()
#6 C:\wamp64\www\contact-tracer\system\CodeIgniter.php(312): CodeIgniter\CodeIgniter->handleRequest(NULL, Object(Config\Cache), false)
#7 C:\wamp64\www\contact-tracer\public\index.php(45): CodeIgniter\CodeIgniter->run()
#8 {main}
CRITICAL - 2020-11-26 12:23:24 --> syntax error, unexpected end of file, expecting function (T_FUNCTION) or const (T_CONST)
#0 C:\wamp64\www\contact-tracer\system\Autoloader\Autoloader.php(296): CodeIgniter\Autoloader\Autoloader->requireFile('C:\\wamp64\\www\\c...')
#1 C:\wamp64\www\contact-tracer\system\Autoloader\Autoloader.php(258): CodeIgniter\Autoloader\Autoloader->loadInNamespace('App\\Controllers...')
#2 [internal function]: CodeIgniter\Autoloader\Autoloader->loadClass('App\\Controllers...')
#3 [internal function]: spl_autoload_call('App\\Controllers...')
#4 C:\wamp64\www\contact-tracer\system\CodeIgniter.php(869): class_exists('\\App\\Controller...', true)
#5 C:\wamp64\www\contact-tracer\system\CodeIgniter.php(394): CodeIgniter\CodeIgniter->startController()
#6 C:\wamp64\www\contact-tracer\system\CodeIgniter.php(312): CodeIgniter\CodeIgniter->handleRequest(NULL, Object(Config\Cache), false)
#7 C:\wamp64\www\contact-tracer\public\index.php(45): CodeIgniter\CodeIgniter->run()
#8 {main}
CRITICAL - 2020-11-26 12:23:24 --> syntax error, unexpected end of file, expecting function (T_FUNCTION) or const (T_CONST)
#0 C:\wamp64\www\contact-tracer\system\Autoloader\Autoloader.php(296): CodeIgniter\Autoloader\Autoloader->requireFile('C:\\wamp64\\www\\c...')
#1 C:\wamp64\www\contact-tracer\system\Autoloader\Autoloader.php(258): CodeIgniter\Autoloader\Autoloader->loadInNamespace('App\\Controllers...')
#2 [internal function]: CodeIgniter\Autoloader\Autoloader->loadClass('App\\Controllers...')
#3 [internal function]: spl_autoload_call('App\\Controllers...')
#4 C:\wamp64\www\contact-tracer\system\CodeIgniter.php(869): class_exists('\\App\\Controller...', true)
#5 C:\wamp64\www\contact-tracer\system\CodeIgniter.php(394): CodeIgniter\CodeIgniter->startController()
#6 C:\wamp64\www\contact-tracer\system\CodeIgniter.php(312): CodeIgniter\CodeIgniter->handleRequest(NULL, Object(Config\Cache), false)
#7 C:\wamp64\www\contact-tracer\public\index.php(45): CodeIgniter\CodeIgniter->run()
#8 {main}
CRITICAL - 2020-11-26 12:31:34 --> syntax error, unexpected 'if' (T_IF)
#0 C:\wamp64\www\contact-tracer\system\CodeIgniter.php(364): CodeIgniter\CodeIgniter->tryToRouteIt(NULL)
#1 C:\wamp64\www\contact-tracer\system\CodeIgniter.php(312): CodeIgniter\CodeIgniter->handleRequest(NULL, Object(Config\Cache), false)
#2 C:\wamp64\www\contact-tracer\public\index.php(45): CodeIgniter\CodeIgniter->run()
#3 {main}
CRITICAL - 2020-11-26 12:31:46 --> syntax error, unexpected 'if' (T_IF)
#0 C:\wamp64\www\contact-tracer\system\CodeIgniter.php(364): CodeIgniter\CodeIgniter->tryToRouteIt(NULL)
#1 C:\wamp64\www\contact-tracer\system\CodeIgniter.php(312): CodeIgniter\CodeIgniter->handleRequest(NULL, Object(Config\Cache), false)
#2 C:\wamp64\www\contact-tracer\public\index.php(45): CodeIgniter\CodeIgniter->run()
#3 {main}
CRITICAL - 2020-11-26 12:32:14 --> syntax error, unexpected 'if' (T_IF)
#0 C:\wamp64\www\contact-tracer\system\CodeIgniter.php(364): CodeIgniter\CodeIgniter->tryToRouteIt(NULL)
#1 C:\wamp64\www\contact-tracer\system\CodeIgniter.php(312): CodeIgniter\CodeIgniter->handleRequest(NULL, Object(Config\Cache), false)
#2 C:\wamp64\www\contact-tracer\public\index.php(45): CodeIgniter\CodeIgniter->run()
#3 {main}
CRITICAL - 2020-11-26 12:33:23 --> syntax error, unexpected 'if' (T_IF)
#0 C:\wamp64\www\contact-tracer\system\CodeIgniter.php(364): CodeIgniter\CodeIgniter->tryToRouteIt(NULL)
#1 C:\wamp64\www\contact-tracer\system\CodeIgniter.php(312): CodeIgniter\CodeIgniter->handleRequest(NULL, Object(Config\Cache), false)
#2 C:\wamp64\www\contact-tracer\public\index.php(45): CodeIgniter\CodeIgniter->run()
#3 {main}
